<?xml version="1.0" encoding="UTF-8"?>
<testng-results ignored="0" total="2" passed="2" failed="0" skipped="0">
  <reporter-output>
  </reporter-output>
  <suite started-at="2024-11-23T23:06:01 IST" name="Suite" finished-at="2024-11-23T23:06:11 IST" duration-ms="9730">
    <groups>
    </groups>
    <test started-at="2024-11-23T23:06:01 IST" name="Test" finished-at="2024-11-23T23:06:11 IST" duration-ms="9730">
      <class name="com.ebay.qa.testcases.LoginPageTest">
        <test-method is-config="true" signature="setUp()[pri:0, instance:com.ebay.qa.testcases.LoginPageTest@7dcf94f8]" started-at="2024-11-23T23:06:02 IST" name="setUp" finished-at="2024-11-23T23:06:06 IST" duration-ms="4955" status="PASS">
          <reporter-output>
          </reporter-output>
        </test-method> <!-- setUp -->
        <test-method signature="loginPageTitleTest()[pri:1, instance:com.ebay.qa.testcases.LoginPageTest@7dcf94f8]" started-at="2024-11-23T23:06:06 IST" name="loginPageTitleTest" finished-at="2024-11-23T23:06:06 IST" duration-ms="14" status="PASS">
          <reporter-output>
          </reporter-output>
        </test-method> <!-- loginPageTitleTest -->
        <test-method is-config="true" signature="tearDown()[pri:0, instance:com.ebay.qa.testcases.LoginPageTest@7dcf94f8]" started-at="2024-11-23T23:06:06 IST" name="tearDown" finished-at="2024-11-23T23:06:07 IST" duration-ms="130" status="PASS">
          <reporter-output>
          </reporter-output>
        </test-method> <!-- tearDown -->
        <test-method is-config="true" signature="setUp()[pri:0, instance:com.ebay.qa.testcases.LoginPageTest@7dcf94f8]" started-at="2024-11-23T23:06:07 IST" name="setUp" finished-at="2024-11-23T23:06:11 IST" duration-ms="4228" status="PASS">
          <reporter-output>
          </reporter-output>
        </test-method> <!-- setUp -->
        <test-method signature="enterUserPassword()[pri:2, instance:com.ebay.qa.testcases.LoginPageTest@7dcf94f8]" started-at="2024-11-23T23:06:11 IST" name="enterUserPassword" finished-at="2024-11-23T23:06:11 IST" duration-ms="232" status="PASS">
          <reporter-output>
          </reporter-output>
        </test-method> <!-- enterUserPassword -->
        <test-method is-config="true" signature="tearDown()[pri:0, instance:com.ebay.qa.testcases.LoginPageTest@7dcf94f8]" started-at="2024-11-23T23:06:11 IST" name="tearDown" finished-at="2024-11-23T23:06:11 IST" duration-ms="142" status="PASS">
          <reporter-output>
          </reporter-output>
        </test-method> <!-- tearDown -->
      </class> <!-- com.ebay.qa.testcases.LoginPageTest -->
    </test> <!-- Test -->
  </suite> <!-- Suite -->
</testng-results>
